  CourseWork.cpp
c:\aleksandaruser\programming\githubrepositories\cpp-programming\course\04oop\coursework\myarraylist.cpp(5): error C2988: unrecognizable template declaration/definition
c:\aleksandaruser\programming\githubrepositories\cpp-programming\course\04oop\coursework\myarraylist.cpp(5): error C2143: syntax error: missing ';' before '<'
c:\aleksandaruser\programming\githubrepositories\cpp-programming\course\04oop\coursework\myarraylist.cpp(5): error C2059: syntax error: '<'
c:\aleksandaruser\programming\githubrepositories\cpp-programming\course\04oop\coursework\myarraylist.cpp(5): error C2039: 'MyArrayList': is not a member of '`global namespace''
c:\aleksandaruser\programming\githubrepositories\cpp-programming\course\04oop\coursework\myarraylist.cpp(6): error C2065: 'size': undeclared identifier
c:\aleksandaruser\programming\githubrepositories\cpp-programming\course\04oop\coursework\myarraylist.cpp(6): error C4430: missing type specifier - int assumed. Note: C++ does not support default-int
c:\aleksandaruser\programming\githubrepositories\cpp-programming\course\04oop\coursework\myarraylist.cpp(7): error C2065: 'realSize': undeclared identifier
c:\aleksandaruser\programming\githubrepositories\cpp-programming\course\04oop\coursework\myarraylist.cpp(7): error C4430: missing type specifier - int assumed. Note: C++ does not support default-int
c:\aleksandaruser\programming\githubrepositories\cpp-programming\course\04oop\coursework\myarraylist.cpp(8): error C2061: syntax error: identifier 'T'
c:\aleksandaruser\programming\githubrepositories\cpp-programming\course\04oop\coursework\myarraylist.cpp(8): error C4430: missing type specifier - int assumed. Note: C++ does not support default-int
c:\aleksandaruser\programming\githubrepositories\cpp-programming\course\04oop\coursework\myarraylist.cpp(9): error C2448: 'data': function-style initializer appears to be a function definition
c:\aleksandaruser\programming\githubrepositories\cpp-programming\course\04oop\coursework\myarraylist.cpp(16): error C2988: unrecognizable template declaration/definition
c:\aleksandaruser\programming\githubrepositories\cpp-programming\course\04oop\coursework\myarraylist.cpp(16): error C2143: syntax error: missing ';' before '<'
c:\aleksandaruser\programming\githubrepositories\cpp-programming\course\04oop\coursework\myarraylist.cpp(16): error C2059: syntax error: '<'
c:\aleksandaruser\programming\githubrepositories\cpp-programming\course\04oop\coursework\myarraylist.cpp(16): error C2039: 'indexOutOfBounds': is not a member of '`global namespace''
c:\aleksandaruser\programming\githubrepositories\cpp-programming\course\04oop\coursework\myarraylist.cpp(17): error C2143: syntax error: missing ';' before '{'
c:\aleksandaruser\programming\githubrepositories\cpp-programming\course\04oop\coursework\myarraylist.cpp(17): error C2447: '{': missing function header (old-style formal list?)
c:\aleksandaruser\programming\githubrepositories\cpp-programming\course\04oop\coursework\myarraylist.cpp(22): error C2988: unrecognizable template declaration/definition
c:\aleksandaruser\programming\githubrepositories\cpp-programming\course\04oop\coursework\myarraylist.cpp(22): error C2143: syntax error: missing ';' before '<'
c:\aleksandaruser\programming\githubrepositories\cpp-programming\course\04oop\coursework\myarraylist.cpp(22): error C2059: syntax error: '<'
c:\aleksandaruser\programming\githubrepositories\cpp-programming\course\04oop\coursework\myarraylist.cpp(23): error C4430: missing type specifier - int assumed. Note: C++ does not support default-int
c:\aleksandaruser\programming\githubrepositories\cpp-programming\course\04oop\coursework\myarraylist.cpp(23): error C2374: 'size': redefinition; multiple initialization
  c:\aleksandaruser\programming\githubrepositories\cpp-programming\course\04oop\coursework\myarraylist.cpp(6): note: see declaration of 'size'
c:\aleksandaruser\programming\githubrepositories\cpp-programming\course\04oop\coursework\myarraylist.cpp(24): error C2061: syntax error: identifier 'T'
c:\aleksandaruser\programming\githubrepositories\cpp-programming\course\04oop\coursework\myarraylist.cpp(24): error C4430: missing type specifier - int assumed. Note: C++ does not support default-int
c:\aleksandaruser\programming\githubrepositories\cpp-programming\course\04oop\coursework\myarraylist.cpp(24): error C2374: 'data': redefinition; multiple initialization
  c:\aleksandaruser\programming\githubrepositories\cpp-programming\course\04oop\coursework\myarraylist.cpp(8): note: see declaration of 'data'
c:\aleksandaruser\programming\githubrepositories\cpp-programming\course\04oop\coursework\myarraylist.cpp(25): error C4430: missing type specifier - int assumed. Note: C++ does not support default-int
c:\aleksandaruser\programming\githubrepositories\cpp-programming\course\04oop\coursework\myarraylist.cpp(25): error C2374: 'realSize': redefinition; multiple initialization
  c:\aleksandaruser\programming\githubrepositories\cpp-programming\course\04oop\coursework\myarraylist.cpp(7): note: see declaration of 'realSize'
c:\aleksandaruser\programming\githubrepositories\cpp-programming\course\04oop\coursework\myarraylist.cpp(26): error C2448: 'realSize': function-style initializer appears to be a function definition
c:\aleksandaruser\programming\githubrepositories\cpp-programming\course\04oop\coursework\myarraylist.cpp(31): error C2988: unrecognizable template declaration/definition
c:\aleksandaruser\programming\githubrepositories\cpp-programming\course\04oop\coursework\myarraylist.cpp(31): error C2143: syntax error: missing ';' before '<'
c:\aleksandaruser\programming\githubrepositories\cpp-programming\course\04oop\coursework\myarraylist.cpp(31): error C2059: syntax error: '<'
c:\aleksandaruser\programming\githubrepositories\cpp-programming\course\04oop\coursework\myarraylist.cpp(32): error C4430: missing type specifier - int assumed. Note: C++ does not support default-int
c:\aleksandaruser\programming\githubrepositories\cpp-programming\course\04oop\coursework\myarraylist.cpp(32): error C2374: 'size': redefinition; multiple initialization
  c:\aleksandaruser\programming\githubrepositories\cpp-programming\course\04oop\coursework\myarraylist.cpp(6): note: see declaration of 'size'
c:\aleksandaruser\programming\githubrepositories\cpp-programming\course\04oop\coursework\myarraylist.cpp(33): error C2061: syntax error: identifier 'T'
c:\aleksandaruser\programming\githubrepositories\cpp-programming\course\04oop\coursework\myarraylist.cpp(33): error C4430: missing type specifier - int assumed. Note: C++ does not support default-int
c:\aleksandaruser\programming\githubrepositories\cpp-programming\course\04oop\coursework\myarraylist.cpp(33): error C2374: 'data': redefinition; multiple initialization
  c:\aleksandaruser\programming\githubrepositories\cpp-programming\course\04oop\coursework\myarraylist.cpp(8): note: see declaration of 'data'
c:\aleksandaruser\programming\githubrepositories\cpp-programming\course\04oop\coursework\myarraylist.cpp(34): error C4430: missing type specifier - int assumed. Note: C++ does not support default-int
c:\aleksandaruser\programming\githubrepositories\cpp-programming\course\04oop\coursework\myarraylist.cpp(34): error C2374: 'realSize': redefinition; multiple initialization
  c:\aleksandaruser\programming\githubrepositories\cpp-programming\course\04oop\coursework\myarraylist.cpp(7): note: see declaration of 'realSize'
c:\aleksandaruser\programming\githubrepositories\cpp-programming\course\04oop\coursework\myarraylist.cpp(39): error C2448: 'realSize': function-style initializer appears to be a function definition
c:\aleksandaruser\programming\githubrepositories\cpp-programming\course\04oop\coursework\myarraylist.cpp(44): error C2988: unrecognizable template declaration/definition
c:\aleksandaruser\programming\githubrepositories\cpp-programming\course\04oop\coursework\myarraylist.cpp(44): error C2143: syntax error: missing ';' before '<'
c:\aleksandaruser\programming\githubrepositories\cpp-programming\course\04oop\coursework\myarraylist.cpp(44): error C2059: syntax error: '<'
c:\aleksandaruser\programming\githubrepositories\cpp-programming\course\04oop\coursework\myarraylist.cpp(44): error C2523: '::~MyArrayList': destructor tag mismatch
c:\aleksandaruser\programming\githubrepositories\cpp-programming\course\04oop\coursework\myarraylist.cpp(45): error C2143: syntax error: missing ';' before '{'
c:\aleksandaruser\programming\githubrepositories\cpp-programming\course\04oop\coursework\myarraylist.cpp(45): error C2447: '{': missing function header (old-style formal list?)
c:\aleksandaruser\programming\githubrepositories\cpp-programming\course\04oop\coursework\myarraylist.cpp(50): error C2988: unrecognizable template declaration/definition
c:\aleksandaruser\programming\githubrepositories\cpp-programming\course\04oop\coursework\myarraylist.cpp(50): error C2143: syntax error: missing ';' before '<'
c:\aleksandaruser\programming\githubrepositories\cpp-programming\course\04oop\coursework\myarraylist.cpp(50): error C2059: syntax error: '<'
c:\aleksandaruser\programming\githubrepositories\cpp-programming\course\04oop\coursework\myarraylist.cpp(51): error C2061: syntax error: identifier 'T'
c:\aleksandaruser\programming\githubrepositories\cpp-programming\course\04oop\coursework\myarraylist.cpp(51): error C4430: missing type specifier - int assumed. Note: C++ does not support default-int
c:\aleksandaruser\programming\githubrepositories\cpp-programming\course\04oop\coursework\myarraylist.cpp(51): error C2374: 'data': redefinition; multiple initialization
  c:\aleksandaruser\programming\githubrepositories\cpp-programming\course\04oop\coursework\myarraylist.cpp(8): note: see declaration of 'data'
c:\aleksandaruser\programming\githubrepositories\cpp-programming\course\04oop\coursework\myarraylist.cpp(52): error C2065: 'another': undeclared identifier
c:\aleksandaruser\programming\githubrepositories\cpp-programming\course\04oop\coursework\myarraylist.cpp(52): error C4430: missing type specifier - int assumed. Note: C++ does not support default-int
c:\aleksandaruser\programming\githubrepositories\cpp-programming\course\04oop\coursework\myarraylist.cpp(52): error C2374: 'size': redefinition; multiple initialization
  c:\aleksandaruser\programming\githubrepositories\cpp-programming\course\04oop\coursework\myarraylist.cpp(6): note: see declaration of 'size'
c:\aleksandaruser\programming\githubrepositories\cpp-programming\course\04oop\coursework\myarraylist.cpp(53): error C2065: 'another': undeclared identifier
c:\aleksandaruser\programming\githubrepositories\cpp-programming\course\04oop\coursework\myarraylist.cpp(53): error C4430: missing type specifier - int assumed. Note: C++ does not support default-int
c:\aleksandaruser\programming\githubrepositories\cpp-programming\course\04oop\coursework\myarraylist.cpp(53): error C2374: 'realSize': redefinition; multiple initialization
  c:\aleksandaruser\programming\githubrepositories\cpp-programming\course\04oop\coursework\myarraylist.cpp(7): note: see declaration of 'realSize'
c:\aleksandaruser\programming\githubrepositories\cpp-programming\course\04oop\coursework\myarraylist.cpp(54): error C2448: 'realSize': function-style initializer appears to be a function definition
c:\aleksandaruser\programming\githubrepositories\cpp-programming\course\04oop\coursework\myarraylist.cpp(60): error C2988: unrecognizable template declaration/definition
c:\aleksandaruser\programming\githubrepositories\cpp-programming\course\04oop\coursework\myarraylist.cpp(60): error C2143: syntax error: missing ';' before '<'
c:\aleksandaruser\programming\githubrepositories\cpp-programming\course\04oop\coursework\myarraylist.cpp(60): error C2059: syntax error: '<'
c:\aleksandaruser\programming\githubrepositories\cpp-programming\course\04oop\coursework\myarraylist.cpp(60): error C2039: '=': is not a member of '`global namespace''
c:\aleksandaruser\programming\githubrepositories\cpp-programming\course\04oop\coursework\myarraylist.cpp(61): error C2143: syntax error: missing ';' before '{'
c:\aleksandaruser\programming\githubrepositories\cpp-programming\course\04oop\coursework\myarraylist.cpp(61): error C2447: '{': missing function header (old-style formal list?)
c:\aleksandaruser\programming\githubrepositories\cpp-programming\course\04oop\coursework\myarraylist.cpp(77): error C2988: unrecognizable template declaration/definition
c:\aleksandaruser\programming\githubrepositories\cpp-programming\course\04oop\coursework\myarraylist.cpp(77): error C2143: syntax error: missing ';' before '<'
c:\aleksandaruser\programming\githubrepositories\cpp-programming\course\04oop\coursework\myarraylist.cpp(77): error C2374: 'MyArrayList': redefinition; multiple initialization
  c:\aleksandaruser\programming\githubrepositories\cpp-programming\course\04oop\coursework\myarraylist.cpp(16): note: see declaration of 'MyArrayList'
c:\aleksandaruser\programming\githubrepositories\cpp-programming\course\04oop\coursework\myarraylist.cpp(77): error C2059: syntax error: '<'
c:\aleksandaruser\programming\githubrepositories\cpp-programming\course\04oop\coursework\myarraylist.cpp(77): error C2039: '==': is not a member of '`global namespace''
c:\aleksandaruser\programming\githubrepositories\cpp-programming\course\04oop\coursework\myarraylist.cpp(78): error C2143: syntax error: missing ';' before '{'
c:\aleksandaruser\programming\githubrepositories\cpp-programming\course\04oop\coursework\myarraylist.cpp(78): error C2447: '{': missing function header (old-style formal list?)
c:\aleksandaruser\programming\githubrepositories\cpp-programming\course\04oop\coursework\myarraylist.cpp(92): error C2988: unrecognizable template declaration/definition
c:\aleksandaruser\programming\githubrepositories\cpp-programming\course\04oop\coursework\myarraylist.cpp(92): error C2143: syntax error: missing ';' before '<'
c:\aleksandaruser\programming\githubrepositories\cpp-programming\course\04oop\coursework\myarraylist.cpp(92): error C2059: syntax error: '<'
c:\aleksandaruser\programming\githubrepositories\cpp-programming\course\04oop\coursework\myarraylist.cpp(92): error C2039: '+': is not a member of '`global namespace''
c:\aleksandaruser\programming\githubrepositories\cpp-programming\course\04oop\coursework\myarraylist.cpp(93): error C2143: syntax error: missing ';' before '{'
c:\aleksandaruser\programming\githubrepositories\cpp-programming\course\04oop\coursework\myarraylist.cpp(93): error C2447: '{': missing function header (old-style formal list?)
c:\aleksandaruser\programming\githubrepositories\cpp-programming\course\04oop\coursework\myarraylist.cpp(110): error C2988: unrecognizable template declaration/definition
c:\aleksandaruser\programming\githubrepositories\cpp-programming\course\04oop\coursework\myarraylist.cpp(110): error C2143: syntax error: missing ';' before '<'
c:\aleksandaruser\programming\githubrepositories\cpp-programming\course\04oop\coursework\myarraylist.cpp(110): error C2040: 'MyArrayList': 'T *' differs in levels of indirection from 'bool'
c:\aleksandaruser\programming\githubrepositories\cpp-programming\course\04oop\coursework\myarraylist.cpp(110): error C2059: syntax error: '<'
c:\aleksandaruser\programming\githubrepositories\cpp-programming\course\04oop\coursework\myarraylist.cpp(110): error C2039: 'getData': is not a member of '`global namespace''
c:\aleksandaruser\programming\githubrepositories\cpp-programming\course\04oop\coursework\myarraylist.cpp(111): error C2143: syntax error: missing ';' before '{'
c:\aleksandaruser\programming\githubrepositories\cpp-programming\course\04oop\coursework\myarraylist.cpp(111): error C2447: '{': missing function header (old-style formal list?)
c:\aleksandaruser\programming\githubrepositories\cpp-programming\course\04oop\coursework\myarraylist.cpp(116): error C2988: unrecognizable template declaration/definition
c:\aleksandaruser\programming\githubrepositories\cpp-programming\course\04oop\coursework\myarraylist.cpp(116): error C2143: syntax error: missing ';' before '<'
c:\aleksandaruser\programming\githubrepositories\cpp-programming\course\04oop\coursework\myarraylist.cpp(116): error C2371: 'MyArrayList': redefinition; different basic types
  c:\aleksandaruser\programming\githubrepositories\cpp-programming\course\04oop\coursework\myarraylist.cpp(16): note: see declaration of 'MyArrayList'
c:\aleksandaruser\programming\githubrepositories\cpp-programming\course\04oop\coursework\myarraylist.cpp(116): error C2059: syntax error: '<'
c:\aleksandaruser\programming\githubrepositories\cpp-programming\course\04oop\coursework\myarraylist.cpp(116): error C2039: 'getElement': is not a member of '`global namespace''
c:\aleksandaruser\programming\githubrepositories\cpp-programming\course\04oop\coursework\myarraylist.cpp(117): error C2143: syntax error: missing ';' before '{'
c:\aleksandaruser\programming\githubrepositories\cpp-programming\course\04oop\coursework\myarraylist.cpp(117): error C2447: '{': missing function header (old-style formal list?)
c:\aleksandaruser\programming\githubrepositories\cpp-programming\course\04oop\coursework\myarraylist.cpp(125): error C2988: unrecognizable template declaration/definition
c:\aleksandaruser\programming\githubrepositories\cpp-programming\course\04oop\coursework\myarraylist.cpp(125): error C2143: syntax error: missing ';' before '<'
c:\aleksandaruser\programming\githubrepositories\cpp-programming\course\04oop\coursework\myarraylist.cpp(125): error C2182: 'MyArrayList': illegal use of type 'void'
c:\aleksandaruser\programming\githubrepositories\cpp-programming\course\04oop\coursework\myarraylist.cpp(125): error C2371: 'MyArrayList': redefinition; different basic types
  c:\aleksandaruser\programming\githubrepositories\cpp-programming\course\04oop\coursework\myarraylist.cpp(16): note: see declaration of 'MyArrayList'
c:\aleksandaruser\programming\githubrepositories\cpp-programming\course\04oop\coursework\myarraylist.cpp(125): error C2059: syntax error: '<'
c:\aleksandaruser\programming\githubrepositories\cpp-programming\course\04oop\coursework\myarraylist.cpp(125): error C2039: 'addElement': is not a member of '`global namespace''
c:\aleksandaruser\programming\githubrepositories\cpp-programming\course\04oop\coursework\myarraylist.cpp(126): error C2143: syntax error: missing ';' before '{'
c:\aleksandaruser\programming\githubrepositories\cpp-programming\course\04oop\coursework\myarraylist.cpp(126): error C2447: '{': missing function header (old-style formal list?)
c:\aleksandaruser\programming\githubrepositories\cpp-programming\course\04oop\coursework\myarraylist.cpp(144): error C2988: unrecognizable template declaration/definition
c:\aleksandaruser\programming\githubrepositories\cpp-programming\course\04oop\coursework\myarraylist.cpp(144): error C2143: syntax error: missing ';' before '<'
c:\aleksandaruser\programming\githubrepositories\cpp-programming\course\04oop\coursework\myarraylist.cpp(144): error C2182: 'MyArrayList': illegal use of type 'void'
c:\aleksandaruser\programming\githubrepositories\cpp-programming\course\04oop\coursework\myarraylist.cpp(144): error C2371: 'MyArrayList': redefinition; different basic types
  c:\aleksandaruser\programming\githubrepositories\cpp-programming\course\04oop\coursework\myarraylist.cpp(16): note: see declaration of 'MyArrayList'
c:\aleksandaruser\programming\githubrepositories\cpp-programming\course\04oop\coursework\myarraylist.cpp(144): error C2059: syntax error: '<'
c:\aleksandaruser\programming\githubrepositories\cpp-programming\course\04oop\coursework\myarraylist.cpp(144): error C2039: 'setElement': is not a member of '`global namespace''
c:\aleksandaruser\programming\githubrepositories\cpp-programming\course\04oop\coursework\myarraylist.cpp(145): error C2143: syntax error: missing ';' before '{'
c:\aleksandaruser\programming\githubrepositories\cpp-programming\course\04oop\coursework\myarraylist.cpp(145): error C2447: '{': missing function header (old-style formal list?)
c:\aleksandaruser\programming\githubrepositories\cpp-programming\course\04oop\coursework\myarraylist.cpp(153): error C2988: unrecognizable template declaration/definition
c:\aleksandaruser\programming\githubrepositories\cpp-programming\course\04oop\coursework\myarraylist.cpp(153): error C2143: syntax error: missing ';' before '<'
c:\aleksandaruser\programming\githubrepositories\cpp-programming\course\04oop\coursework\myarraylist.cpp(153): error C2371: 'MyArrayList': redefinition; different basic types
  c:\aleksandaruser\programming\githubrepositories\cpp-programming\course\04oop\coursework\myarraylist.cpp(16): note: see declaration of 'MyArrayList'
c:\aleksandaruser\programming\githubrepositories\cpp-programming\course\04oop\coursework\myarraylist.cpp(153): error C2059: syntax error: '<'
c:\aleksandaruser\programming\githubrepositories\cpp-programming\course\04oop\coursework\myarraylist.cpp(153): error C2039: 'toString': is not a member of '`global namespace''
c:\aleksandaruser\programming\githubrepositories\cpp-programming\course\04oop\coursework\myarraylist.cpp(154): error C2143: syntax error: missing ';' before '{'
c:\aleksandaruser\programming\githubrepositories\cpp-programming\course\04oop\coursework\myarraylist.cpp(154): fatal error C1003: error count exceeds 100; stopping compilation
  MyArrayList.cpp
c:\aleksandaruser\programming\githubrepositories\cpp-programming\course\04oop\coursework\myarraylist.cpp(5): error C2988: unrecognizable template declaration/definition
c:\aleksandaruser\programming\githubrepositories\cpp-programming\course\04oop\coursework\myarraylist.cpp(5): error C2143: syntax error: missing ';' before '<'
c:\aleksandaruser\programming\githubrepositories\cpp-programming\course\04oop\coursework\myarraylist.cpp(5): error C2059: syntax error: '<'
c:\aleksandaruser\programming\githubrepositories\cpp-programming\course\04oop\coursework\myarraylist.cpp(5): error C2039: 'MyArrayList': is not a member of '`global namespace''
c:\aleksandaruser\programming\githubrepositories\cpp-programming\course\04oop\coursework\myarraylist.cpp(6): error C2065: 'size': undeclared identifier
c:\aleksandaruser\programming\githubrepositories\cpp-programming\course\04oop\coursework\myarraylist.cpp(6): error C4430: missing type specifier - int assumed. Note: C++ does not support default-int
c:\aleksandaruser\programming\githubrepositories\cpp-programming\course\04oop\coursework\myarraylist.cpp(7): error C2065: 'realSize': undeclared identifier
c:\aleksandaruser\programming\githubrepositories\cpp-programming\course\04oop\coursework\myarraylist.cpp(7): error C4430: missing type specifier - int assumed. Note: C++ does not support default-int
c:\aleksandaruser\programming\githubrepositories\cpp-programming\course\04oop\coursework\myarraylist.cpp(8): error C2061: syntax error: identifier 'T'
c:\aleksandaruser\programming\githubrepositories\cpp-programming\course\04oop\coursework\myarraylist.cpp(8): error C4430: missing type specifier - int assumed. Note: C++ does not support default-int
c:\aleksandaruser\programming\githubrepositories\cpp-programming\course\04oop\coursework\myarraylist.cpp(9): error C2448: 'data': function-style initializer appears to be a function definition
c:\aleksandaruser\programming\githubrepositories\cpp-programming\course\04oop\coursework\myarraylist.cpp(16): error C2988: unrecognizable template declaration/definition
c:\aleksandaruser\programming\githubrepositories\cpp-programming\course\04oop\coursework\myarraylist.cpp(16): error C2143: syntax error: missing ';' before '<'
c:\aleksandaruser\programming\githubrepositories\cpp-programming\course\04oop\coursework\myarraylist.cpp(16): error C2059: syntax error: '<'
c:\aleksandaruser\programming\githubrepositories\cpp-programming\course\04oop\coursework\myarraylist.cpp(16): error C2039: 'indexOutOfBounds': is not a member of '`global namespace''
c:\aleksandaruser\programming\githubrepositories\cpp-programming\course\04oop\coursework\myarraylist.cpp(17): error C2143: syntax error: missing ';' before '{'
c:\aleksandaruser\programming\githubrepositories\cpp-programming\course\04oop\coursework\myarraylist.cpp(17): error C2447: '{': missing function header (old-style formal list?)
c:\aleksandaruser\programming\githubrepositories\cpp-programming\course\04oop\coursework\myarraylist.cpp(22): error C2988: unrecognizable template declaration/definition
c:\aleksandaruser\programming\githubrepositories\cpp-programming\course\04oop\coursework\myarraylist.cpp(22): error C2143: syntax error: missing ';' before '<'
c:\aleksandaruser\programming\githubrepositories\cpp-programming\course\04oop\coursework\myarraylist.cpp(22): error C2059: syntax error: '<'
c:\aleksandaruser\programming\githubrepositories\cpp-programming\course\04oop\coursework\myarraylist.cpp(23): error C4430: missing type specifier - int assumed. Note: C++ does not support default-int
c:\aleksandaruser\programming\githubrepositories\cpp-programming\course\04oop\coursework\myarraylist.cpp(23): error C2374: 'size': redefinition; multiple initialization
  c:\aleksandaruser\programming\githubrepositories\cpp-programming\course\04oop\coursework\myarraylist.cpp(6): note: see declaration of 'size'
c:\aleksandaruser\programming\githubrepositories\cpp-programming\course\04oop\coursework\myarraylist.cpp(24): error C2061: syntax error: identifier 'T'
c:\aleksandaruser\programming\githubrepositories\cpp-programming\course\04oop\coursework\myarraylist.cpp(24): error C4430: missing type specifier - int assumed. Note: C++ does not support default-int
c:\aleksandaruser\programming\githubrepositories\cpp-programming\course\04oop\coursework\myarraylist.cpp(24): error C2374: 'data': redefinition; multiple initialization
  c:\aleksandaruser\programming\githubrepositories\cpp-programming\course\04oop\coursework\myarraylist.cpp(8): note: see declaration of 'data'
c:\aleksandaruser\programming\githubrepositories\cpp-programming\course\04oop\coursework\myarraylist.cpp(25): error C4430: missing type specifier - int assumed. Note: C++ does not support default-int
c:\aleksandaruser\programming\githubrepositories\cpp-programming\course\04oop\coursework\myarraylist.cpp(25): error C2374: 'realSize': redefinition; multiple initialization
  c:\aleksandaruser\programming\githubrepositories\cpp-programming\course\04oop\coursework\myarraylist.cpp(7): note: see declaration of 'realSize'
c:\aleksandaruser\programming\githubrepositories\cpp-programming\course\04oop\coursework\myarraylist.cpp(26): error C2448: 'realSize': function-style initializer appears to be a function definition
c:\aleksandaruser\programming\githubrepositories\cpp-programming\course\04oop\coursework\myarraylist.cpp(31): error C2988: unrecognizable template declaration/definition
c:\aleksandaruser\programming\githubrepositories\cpp-programming\course\04oop\coursework\myarraylist.cpp(31): error C2143: syntax error: missing ';' before '<'
c:\aleksandaruser\programming\githubrepositories\cpp-programming\course\04oop\coursework\myarraylist.cpp(31): error C2059: syntax error: '<'
c:\aleksandaruser\programming\githubrepositories\cpp-programming\course\04oop\coursework\myarraylist.cpp(32): error C4430: missing type specifier - int assumed. Note: C++ does not support default-int
c:\aleksandaruser\programming\githubrepositories\cpp-programming\course\04oop\coursework\myarraylist.cpp(32): error C2374: 'size': redefinition; multiple initialization
  c:\aleksandaruser\programming\githubrepositories\cpp-programming\course\04oop\coursework\myarraylist.cpp(6): note: see declaration of 'size'
c:\aleksandaruser\programming\githubrepositories\cpp-programming\course\04oop\coursework\myarraylist.cpp(33): error C2061: syntax error: identifier 'T'
c:\aleksandaruser\programming\githubrepositories\cpp-programming\course\04oop\coursework\myarraylist.cpp(33): error C4430: missing type specifier - int assumed. Note: C++ does not support default-int
c:\aleksandaruser\programming\githubrepositories\cpp-programming\course\04oop\coursework\myarraylist.cpp(33): error C2374: 'data': redefinition; multiple initialization
  c:\aleksandaruser\programming\githubrepositories\cpp-programming\course\04oop\coursework\myarraylist.cpp(8): note: see declaration of 'data'
c:\aleksandaruser\programming\githubrepositories\cpp-programming\course\04oop\coursework\myarraylist.cpp(34): error C4430: missing type specifier - int assumed. Note: C++ does not support default-int
c:\aleksandaruser\programming\githubrepositories\cpp-programming\course\04oop\coursework\myarraylist.cpp(34): error C2374: 'realSize': redefinition; multiple initialization
  c:\aleksandaruser\programming\githubrepositories\cpp-programming\course\04oop\coursework\myarraylist.cpp(7): note: see declaration of 'realSize'
c:\aleksandaruser\programming\githubrepositories\cpp-programming\course\04oop\coursework\myarraylist.cpp(39): error C2448: 'realSize': function-style initializer appears to be a function definition
c:\aleksandaruser\programming\githubrepositories\cpp-programming\course\04oop\coursework\myarraylist.cpp(44): error C2988: unrecognizable template declaration/definition
c:\aleksandaruser\programming\githubrepositories\cpp-programming\course\04oop\coursework\myarraylist.cpp(44): error C2143: syntax error: missing ';' before '<'
c:\aleksandaruser\programming\githubrepositories\cpp-programming\course\04oop\coursework\myarraylist.cpp(44): error C2059: syntax error: '<'
c:\aleksandaruser\programming\githubrepositories\cpp-programming\course\04oop\coursework\myarraylist.cpp(44): error C2523: '::~MyArrayList': destructor tag mismatch
c:\aleksandaruser\programming\githubrepositories\cpp-programming\course\04oop\coursework\myarraylist.cpp(45): error C2143: syntax error: missing ';' before '{'
c:\aleksandaruser\programming\githubrepositories\cpp-programming\course\04oop\coursework\myarraylist.cpp(45): error C2447: '{': missing function header (old-style formal list?)
c:\aleksandaruser\programming\githubrepositories\cpp-programming\course\04oop\coursework\myarraylist.cpp(50): error C2988: unrecognizable template declaration/definition
c:\aleksandaruser\programming\githubrepositories\cpp-programming\course\04oop\coursework\myarraylist.cpp(50): error C2143: syntax error: missing ';' before '<'
c:\aleksandaruser\programming\githubrepositories\cpp-programming\course\04oop\coursework\myarraylist.cpp(50): error C2059: syntax error: '<'
c:\aleksandaruser\programming\githubrepositories\cpp-programming\course\04oop\coursework\myarraylist.cpp(51): error C2061: syntax error: identifier 'T'
c:\aleksandaruser\programming\githubrepositories\cpp-programming\course\04oop\coursework\myarraylist.cpp(51): error C4430: missing type specifier - int assumed. Note: C++ does not support default-int
c:\aleksandaruser\programming\githubrepositories\cpp-programming\course\04oop\coursework\myarraylist.cpp(51): error C2374: 'data': redefinition; multiple initialization
  c:\aleksandaruser\programming\githubrepositories\cpp-programming\course\04oop\coursework\myarraylist.cpp(8): note: see declaration of 'data'
c:\aleksandaruser\programming\githubrepositories\cpp-programming\course\04oop\coursework\myarraylist.cpp(52): error C2065: 'another': undeclared identifier
c:\aleksandaruser\programming\githubrepositories\cpp-programming\course\04oop\coursework\myarraylist.cpp(52): error C4430: missing type specifier - int assumed. Note: C++ does not support default-int
c:\aleksandaruser\programming\githubrepositories\cpp-programming\course\04oop\coursework\myarraylist.cpp(52): error C2374: 'size': redefinition; multiple initialization
  c:\aleksandaruser\programming\githubrepositories\cpp-programming\course\04oop\coursework\myarraylist.cpp(6): note: see declaration of 'size'
c:\aleksandaruser\programming\githubrepositories\cpp-programming\course\04oop\coursework\myarraylist.cpp(53): error C2065: 'another': undeclared identifier
c:\aleksandaruser\programming\githubrepositories\cpp-programming\course\04oop\coursework\myarraylist.cpp(53): error C4430: missing type specifier - int assumed. Note: C++ does not support default-int
c:\aleksandaruser\programming\githubrepositories\cpp-programming\course\04oop\coursework\myarraylist.cpp(53): error C2374: 'realSize': redefinition; multiple initialization
  c:\aleksandaruser\programming\githubrepositories\cpp-programming\course\04oop\coursework\myarraylist.cpp(7): note: see declaration of 'realSize'
c:\aleksandaruser\programming\githubrepositories\cpp-programming\course\04oop\coursework\myarraylist.cpp(54): error C2448: 'realSize': function-style initializer appears to be a function definition
c:\aleksandaruser\programming\githubrepositories\cpp-programming\course\04oop\coursework\myarraylist.cpp(60): error C2988: unrecognizable template declaration/definition
c:\aleksandaruser\programming\githubrepositories\cpp-programming\course\04oop\coursework\myarraylist.cpp(60): error C2143: syntax error: missing ';' before '<'
c:\aleksandaruser\programming\githubrepositories\cpp-programming\course\04oop\coursework\myarraylist.cpp(60): error C2059: syntax error: '<'
c:\aleksandaruser\programming\githubrepositories\cpp-programming\course\04oop\coursework\myarraylist.cpp(60): error C2039: '=': is not a member of '`global namespace''
c:\aleksandaruser\programming\githubrepositories\cpp-programming\course\04oop\coursework\myarraylist.cpp(61): error C2143: syntax error: missing ';' before '{'
c:\aleksandaruser\programming\githubrepositories\cpp-programming\course\04oop\coursework\myarraylist.cpp(61): error C2447: '{': missing function header (old-style formal list?)
c:\aleksandaruser\programming\githubrepositories\cpp-programming\course\04oop\coursework\myarraylist.cpp(77): error C2988: unrecognizable template declaration/definition
c:\aleksandaruser\programming\githubrepositories\cpp-programming\course\04oop\coursework\myarraylist.cpp(77): error C2143: syntax error: missing ';' before '<'
c:\aleksandaruser\programming\githubrepositories\cpp-programming\course\04oop\coursework\myarraylist.cpp(77): error C2374: 'MyArrayList': redefinition; multiple initialization
  c:\aleksandaruser\programming\githubrepositories\cpp-programming\course\04oop\coursework\myarraylist.cpp(16): note: see declaration of 'MyArrayList'
c:\aleksandaruser\programming\githubrepositories\cpp-programming\course\04oop\coursework\myarraylist.cpp(77): error C2059: syntax error: '<'
c:\aleksandaruser\programming\githubrepositories\cpp-programming\course\04oop\coursework\myarraylist.cpp(77): error C2039: '==': is not a member of '`global namespace''
c:\aleksandaruser\programming\githubrepositories\cpp-programming\course\04oop\coursework\myarraylist.cpp(78): error C2143: syntax error: missing ';' before '{'
c:\aleksandaruser\programming\githubrepositories\cpp-programming\course\04oop\coursework\myarraylist.cpp(78): error C2447: '{': missing function header (old-style formal list?)
c:\aleksandaruser\programming\githubrepositories\cpp-programming\course\04oop\coursework\myarraylist.cpp(92): error C2988: unrecognizable template declaration/definition
c:\aleksandaruser\programming\githubrepositories\cpp-programming\course\04oop\coursework\myarraylist.cpp(92): error C2143: syntax error: missing ';' before '<'
c:\aleksandaruser\programming\githubrepositories\cpp-programming\course\04oop\coursework\myarraylist.cpp(92): error C2059: syntax error: '<'
c:\aleksandaruser\programming\githubrepositories\cpp-programming\course\04oop\coursework\myarraylist.cpp(92): error C2039: '+': is not a member of '`global namespace''
c:\aleksandaruser\programming\githubrepositories\cpp-programming\course\04oop\coursework\myarraylist.cpp(93): error C2143: syntax error: missing ';' before '{'
c:\aleksandaruser\programming\githubrepositories\cpp-programming\course\04oop\coursework\myarraylist.cpp(93): error C2447: '{': missing function header (old-style formal list?)
c:\aleksandaruser\programming\githubrepositories\cpp-programming\course\04oop\coursework\myarraylist.cpp(110): error C2988: unrecognizable template declaration/definition
c:\aleksandaruser\programming\githubrepositories\cpp-programming\course\04oop\coursework\myarraylist.cpp(110): error C2143: syntax error: missing ';' before '<'
c:\aleksandaruser\programming\githubrepositories\cpp-programming\course\04oop\coursework\myarraylist.cpp(110): error C2040: 'MyArrayList': 'T *' differs in levels of indirection from 'bool'
c:\aleksandaruser\programming\githubrepositories\cpp-programming\course\04oop\coursework\myarraylist.cpp(110): error C2059: syntax error: '<'
c:\aleksandaruser\programming\githubrepositories\cpp-programming\course\04oop\coursework\myarraylist.cpp(110): error C2039: 'getData': is not a member of '`global namespace''
c:\aleksandaruser\programming\githubrepositories\cpp-programming\course\04oop\coursework\myarraylist.cpp(111): error C2143: syntax error: missing ';' before '{'
c:\aleksandaruser\programming\githubrepositories\cpp-programming\course\04oop\coursework\myarraylist.cpp(111): error C2447: '{': missing function header (old-style formal list?)
c:\aleksandaruser\programming\githubrepositories\cpp-programming\course\04oop\coursework\myarraylist.cpp(116): error C2988: unrecognizable template declaration/definition
c:\aleksandaruser\programming\githubrepositories\cpp-programming\course\04oop\coursework\myarraylist.cpp(116): error C2143: syntax error: missing ';' before '<'
c:\aleksandaruser\programming\githubrepositories\cpp-programming\course\04oop\coursework\myarraylist.cpp(116): error C2371: 'MyArrayList': redefinition; different basic types
  c:\aleksandaruser\programming\githubrepositories\cpp-programming\course\04oop\coursework\myarraylist.cpp(16): note: see declaration of 'MyArrayList'
c:\aleksandaruser\programming\githubrepositories\cpp-programming\course\04oop\coursework\myarraylist.cpp(116): error C2059: syntax error: '<'
c:\aleksandaruser\programming\githubrepositories\cpp-programming\course\04oop\coursework\myarraylist.cpp(116): error C2039: 'getElement': is not a member of '`global namespace''
c:\aleksandaruser\programming\githubrepositories\cpp-programming\course\04oop\coursework\myarraylist.cpp(117): error C2143: syntax error: missing ';' before '{'
c:\aleksandaruser\programming\githubrepositories\cpp-programming\course\04oop\coursework\myarraylist.cpp(117): error C2447: '{': missing function header (old-style formal list?)
c:\aleksandaruser\programming\githubrepositories\cpp-programming\course\04oop\coursework\myarraylist.cpp(125): error C2988: unrecognizable template declaration/definition
c:\aleksandaruser\programming\githubrepositories\cpp-programming\course\04oop\coursework\myarraylist.cpp(125): error C2143: syntax error: missing ';' before '<'
c:\aleksandaruser\programming\githubrepositories\cpp-programming\course\04oop\coursework\myarraylist.cpp(125): error C2182: 'MyArrayList': illegal use of type 'void'
c:\aleksandaruser\programming\githubrepositories\cpp-programming\course\04oop\coursework\myarraylist.cpp(125): error C2371: 'MyArrayList': redefinition; different basic types
  c:\aleksandaruser\programming\githubrepositories\cpp-programming\course\04oop\coursework\myarraylist.cpp(16): note: see declaration of 'MyArrayList'
c:\aleksandaruser\programming\githubrepositories\cpp-programming\course\04oop\coursework\myarraylist.cpp(125): error C2059: syntax error: '<'
c:\aleksandaruser\programming\githubrepositories\cpp-programming\course\04oop\coursework\myarraylist.cpp(125): error C2039: 'addElement': is not a member of '`global namespace''
c:\aleksandaruser\programming\githubrepositories\cpp-programming\course\04oop\coursework\myarraylist.cpp(126): error C2143: syntax error: missing ';' before '{'
c:\aleksandaruser\programming\githubrepositories\cpp-programming\course\04oop\coursework\myarraylist.cpp(126): error C2447: '{': missing function header (old-style formal list?)
c:\aleksandaruser\programming\githubrepositories\cpp-programming\course\04oop\coursework\myarraylist.cpp(144): error C2988: unrecognizable template declaration/definition
c:\aleksandaruser\programming\githubrepositories\cpp-programming\course\04oop\coursework\myarraylist.cpp(144): error C2143: syntax error: missing ';' before '<'
c:\aleksandaruser\programming\githubrepositories\cpp-programming\course\04oop\coursework\myarraylist.cpp(144): error C2182: 'MyArrayList': illegal use of type 'void'
c:\aleksandaruser\programming\githubrepositories\cpp-programming\course\04oop\coursework\myarraylist.cpp(144): error C2371: 'MyArrayList': redefinition; different basic types
  c:\aleksandaruser\programming\githubrepositories\cpp-programming\course\04oop\coursework\myarraylist.cpp(16): note: see declaration of 'MyArrayList'
c:\aleksandaruser\programming\githubrepositories\cpp-programming\course\04oop\coursework\myarraylist.cpp(144): error C2059: syntax error: '<'
c:\aleksandaruser\programming\githubrepositories\cpp-programming\course\04oop\coursework\myarraylist.cpp(144): error C2039: 'setElement': is not a member of '`global namespace''
c:\aleksandaruser\programming\githubrepositories\cpp-programming\course\04oop\coursework\myarraylist.cpp(145): error C2143: syntax error: missing ';' before '{'
c:\aleksandaruser\programming\githubrepositories\cpp-programming\course\04oop\coursework\myarraylist.cpp(145): error C2447: '{': missing function header (old-style formal list?)
c:\aleksandaruser\programming\githubrepositories\cpp-programming\course\04oop\coursework\myarraylist.cpp(153): error C2988: unrecognizable template declaration/definition
c:\aleksandaruser\programming\githubrepositories\cpp-programming\course\04oop\coursework\myarraylist.cpp(153): error C2143: syntax error: missing ';' before '<'
c:\aleksandaruser\programming\githubrepositories\cpp-programming\course\04oop\coursework\myarraylist.cpp(153): error C2371: 'MyArrayList': redefinition; different basic types
  c:\aleksandaruser\programming\githubrepositories\cpp-programming\course\04oop\coursework\myarraylist.cpp(16): note: see declaration of 'MyArrayList'
c:\aleksandaruser\programming\githubrepositories\cpp-programming\course\04oop\coursework\myarraylist.cpp(153): error C2059: syntax error: '<'
c:\aleksandaruser\programming\githubrepositories\cpp-programming\course\04oop\coursework\myarraylist.cpp(153): error C2039: 'toString': is not a member of '`global namespace''
c:\aleksandaruser\programming\githubrepositories\cpp-programming\course\04oop\coursework\myarraylist.cpp(154): error C2143: syntax error: missing ';' before '{'
c:\aleksandaruser\programming\githubrepositories\cpp-programming\course\04oop\coursework\myarraylist.cpp(154): fatal error C1003: error count exceeds 100; stopping compilation
  Generating Code...
